# JRE version: OpenJDK Runtime Environment (8.0_161-b14) (build 1.8.0_161-b14)
# Java VM: OpenJDK 64-Bit Server VM (25.161-b14 mixed mode linux-amd64 compressed oops)
Heap:
 PSYoungGen      total 294912K, used 138755K [0x00000000eab00000, 0x0000000100000000, 0x0000000100000000)
  eden space 240640K, 57% used [0x00000000eab00000,0x00000000f3280ed0,0x00000000f9600000)
  from space 54272K, 0% used [0x00000000fcb00000,0x00000000fcb00000,0x0000000100000000)
  to   space 54272K, 0% used [0x00000000f9600000,0x00000000f9600000,0x00000000fcb00000)
 ParOldGen       total 699392K, used 69160K [0x00000000c0000000, 0x00000000eab00000, 0x00000000eab00000)
  object space 699392K, 9% used [0x00000000c0000000,0x00000000c438a108,0x00000000eab00000)
 Metaspace       used 119690K, capacity 135038K, committed 135296K, reserved 1167360K
  class space    used 15866K, capacity 16709K, committed 16768K, reserved 1048576K
GC Heap History (10 events):
Event: 460.342 GC heap before
{Heap before GC invocations=19 (full 7):
 PSYoungGen      total 291328K, used 235520K [0x00000000eab00000, 0x0000000100000000, 0x0000000100000000)
  eden space 235520K, 100% used [0x00000000eab00000,0x00000000f9100000,0x00000000f9100000)
  from space 55808K, 0% used [0x00000000f9100000,0x00000000f9100000,0x00000000fc780000)
  to   space 57344K, 0% used [0x00000000fc800000,0x00000000fc800000,0x0000000100000000)
 ParOldGen       total 699392K, used 63366K [0x00000000c0000000, 0x00000000eab00000, 0x00000000eab00000)
  object space 699392K, 9% used [0x00000000c0000000,0x00000000c3de1838,0x00000000eab00000)
 Metaspace       used 115612K, capacity 130652K, committed 130816K, reserved 1163264K
  class space    used 15506K, capacity 16314K, committed 16384K, reserved 1048576K
Event: 460.371 GC heap after
Heap after GC invocations=19 (full 7):
 PSYoungGen      total 293888K, used 16173K [0x00000000eab00000, 0x0000000100000000, 0x0000000100000000)
  eden space 236544K, 0% used [0x00000000eab00000,0x00000000eab00000,0x00000000f9200000)
  from space 57344K, 28% used [0x00000000fc800000,0x00000000fd7cb6d8,0x0000000100000000)
  to   space 55296K, 0% used [0x00000000f9200000,0x00000000f9200000,0x00000000fc800000)
 ParOldGen       total 699392K, used 63374K [0x00000000c0000000, 0x00000000eab00000, 0x00000000eab00000)
  object space 699392K, 9% used [0x00000000c0000000,0x00000000c3de3838,0x00000000eab00000)
 Metaspace       used 115612K, capacity 130652K, committed 130816K, reserved 1163264K
  class space    used 15506K, capacity 16314K, committed 16384K, reserved 1048576K
}
Event: 461.408 GC heap before
{Heap before GC invocations=20 (full 7):
 PSYoungGen      total 293888K, used 56260K [0x00000000eab00000, 0x0000000100000000, 0x0000000100000000)
  eden space 236544K, 16% used [0x00000000eab00000,0x00000000ed225970,0x00000000f9200000)
  from space 57344K, 28% used [0x00000000fc800000,0x00000000fd7cb6d8,0x0000000100000000)
  to   space 55296K, 0% used [0x00000000f9200000,0x00000000f9200000,0x00000000fc800000)
 ParOldGen       total 699392K, used 63374K [0x00000000c0000000, 0x00000000eab00000, 0x00000000eab00000)
  object space 699392K, 9% used [0x00000000c0000000,0x00000000c3de3838,0x00000000eab00000)
 Metaspace       used 116134K, capacity 131348K, committed 131584K, reserved 1165312K
  class space    used 15542K, capacity 16374K, committed 16384K, reserved 1048576K
Event: 461.431 GC heap after
Heap after GC invocations=20 (full 7):
 PSYoungGen      total 291840K, used 9792K [0x00000000eab00000, 0x0000000100000000, 0x0000000100000000)
  eden space 236544K, 0% used [0x00000000eab00000,0x00000000eab00000,0x00000000f9200000)
  from space 55296K, 17% used [0x00000000f9200000,0x00000000f9b900b0,0x00000000fc800000)
  to   space 54272K, 0% used [0x00000000fcb00000,0x00000000fcb00000,0x0000000100000000)
 ParOldGen       total 699392K, used 63374K [0x00000000c0000000, 0x00000000eab00000, 0x00000000eab00000)
  object space 699392K, 9% used [0x00000000c0000000,0x00000000c3de3838,0x00000000eab00000)
 Metaspace       used 116134K, capacity 131348K, committed 131584K, reserved 1165312K
  class space    used 15542K, capacity 16374K, committed 16384K, reserved 1048576K
}
Event: 461.431 GC heap before
{Heap before GC invocations=21 (full 8):
 PSYoungGen      total 291840K, used 9792K [0x00000000eab00000, 0x0000000100000000, 0x0000000100000000)
  eden space 236544K, 0% used [0x00000000eab00000,0x00000000eab00000,0x00000000f9200000)
  from space 55296K, 17% used [0x00000000f9200000,0x00000000f9b900b0,0x00000000fc800000)
  to   space 54272K, 0% used [0x00000000fcb00000,0x00000000fcb00000,0x0000000100000000)
 ParOldGen       total 699392K, used 63374K [0x00000000c0000000, 0x00000000eab00000, 0x00000000eab00000)
  object space 699392K, 9% used [0x00000000c0000000,0x00000000c3de3838,0x00000000eab00000)
 Metaspace       used 116134K, capacity 131348K, committed 131584K, reserved 1165312K
  class space    used 15542K, capacity 16374K, committed 16384K, reserved 1048576K
Event: 462.253 GC heap after
Heap after GC invocations=21 (full 8):
 PSYoungGen      total 291840K, used 0K [0x00000000eab00000, 0x0000000100000000, 0x0000000100000000)
  eden space 236544K, 0% used [0x00000000eab00000,0x00000000eab00000,0x00000000f9200000)
  from space 55296K, 0% used [0x00000000f9200000,0x00000000f9200000,0x00000000fc800000)
  to   space 54272K, 0% used [0x00000000fcb00000,0x00000000fcb00000,0x0000000100000000)
 ParOldGen       total 699392K, used 70628K [0x00000000c0000000, 0x00000000eab00000, 0x00000000eab00000)
  object space 699392K, 10% used [0x00000000c0000000,0x00000000c44f9308,0x00000000eab00000)
 Metaspace       used 115633K, capacity 130340K, committed 131584K, reserved 1165312K
  class space    used 15396K, capacity 16194K, committed 16384K, reserved 1048576K
}
Event: 462.255 GC heap before
{Heap before GC invocations=22 (full 8):
 PSYoungGen      total 291840K, used 2048K [0x00000000eab00000, 0x0000000100000000, 0x0000000100000000)
  eden space 236544K, 0% used [0x00000000eab00000,0x00000000ead001e0,0x00000000f9200000)
  from space 55296K, 0% used [0x00000000f9200000,0x00000000f9200000,0x00000000fc800000)
  to   space 54272K, 0% used [0x00000000fcb00000,0x00000000fcb00000,0x0000000100000000)
 ParOldGen       total 699392K, used 70628K [0x00000000c0000000, 0x00000000eab00000, 0x00000000eab00000)
  object space 699392K, 10% used [0x00000000c0000000,0x00000000c44f9308,0x00000000eab00000)
 Metaspace       used 115633K, capacity 130340K, committed 131584K, reserved 1165312K
  class space    used 15396K, capacity 16194K, committed 16384K, reserved 1048576K
Event: 462.265 GC heap after
Heap after GC invocations=22 (full 8):
 PSYoungGen      total 294912K, used 32K [0x00000000eab00000, 0x0000000100000000, 0x0000000100000000)
  eden space 240640K, 0% used [0x00000000eab00000,0x00000000eab00000,0x00000000f9600000)
  from space 54272K, 0% used [0x00000000fcb00000,0x00000000fcb08000,0x0000000100000000)
  to   space 54272K, 0% used [0x00000000f9600000,0x00000000f9600000,0x00000000fcb00000)
 ParOldGen       total 699392K, used 70628K [0x00000000c0000000, 0x00000000eab00000, 0x00000000eab00000)
  object space 699392K, 10% used [0x00000000c0000000,0x00000000c44f9308,0x00000000eab00000)
 Metaspace       used 115633K, capacity 130340K, committed 131584K, reserved 1165312K
  class space    used 15396K, capacity 16194K, committed 16384K, reserved 1048576K
}
Event: 462.265 GC heap before
{Heap before GC invocations=23 (full 9):
 PSYoungGen      total 294912K, used 32K [0x00000000eab00000, 0x0000000100000000, 0x0000000100000000)
  eden space 240640K, 0% used [0x00000000eab00000,0x00000000eab00000,0x00000000f9600000)
  from space 54272K, 0% used [0x00000000fcb00000,0x00000000fcb08000,0x0000000100000000)
  to   space 54272K, 0% used [0x00000000f9600000,0x00000000f9600000,0x00000000fcb00000)
 ParOldGen       total 699392K, used 70628K [0x00000000c0000000, 0x00000000eab00000, 0x00000000eab00000)
  object space 699392K, 10% used [0x00000000c0000000,0x00000000c44f9308,0x00000000eab00000)
 Metaspace       used 115633K, capacity 130340K, committed 131584K, reserved 1165312K
  class space    used 15396K, capacity 16194K, committed 16384K, reserved 1048576K
Event: 462.597 GC heap after
Heap after GC invocations=23 (full 9):
 PSYoungGen      total 294912K, used 0K [0x00000000eab00000, 0x0000000100000000, 0x0000000100000000)
  eden space 240640K, 0% used [0x00000000eab00000,0x00000000eab00000,0x00000000f9600000)
  from space 54272K, 0% used [0x00000000fcb00000,0x00000000fcb00000,0x0000000100000000)
  to   space 54272K, 0% used [0x00000000f9600000,0x00000000f9600000,0x00000000fcb00000)
 ParOldGen       total 699392K, used 69160K [0x00000000c0000000, 0x00000000eab00000, 0x00000000eab00000)
  object space 699392K, 9% used [0x00000000c0000000,0x00000000c438a108,0x00000000eab00000)
 Metaspace       used 115633K, capacity 130340K, committed 131584K, reserved 1165312K
  class space    used 15396K, capacity 16194K, committed 16384K, reserved 1048576K
}

