# JRE version: OpenJDK Runtime Environment (8.0_161-b14) (build 1.8.0_161-b14)
# Java VM: OpenJDK 64-Bit Server VM (25.161-b14 mixed mode linux-amd64 compressed oops)
Heap:
 PSYoungGen      total 308224K, used 84510K [0x00000000eab00000, 0x0000000100000000, 0x0000000100000000)
  eden space 269824K, 31% used [0x00000000eab00000,0x00000000efd87910,0x00000000fb280000)
  from space 38400K, 0% used [0x00000000fb280000,0x00000000fb280000,0x00000000fd800000)
  to   space 37376K, 0% used [0x00000000fdb80000,0x00000000fdb80000,0x0000000100000000)
 ParOldGen       total 699392K, used 62598K [0x00000000c0000000, 0x00000000eab00000, 0x00000000eab00000)
  object space 699392K, 8% used [0x00000000c0000000,0x00000000c3d21b70,0x00000000eab00000)
 Metaspace       used 110434K, capacity 124333K, committed 124544K, reserved 1159168K
  class space    used 14692K, capacity 15460K, committed 15488K, reserved 1048576K
GC Heap History (10 events):
Event: 1105.652 GC heap before
{Heap before GC invocations=32 (full 15):
 PSYoungGen      total 305664K, used 262144K [0x00000000eab00000, 0x0000000100000000, 0x0000000100000000)
  eden space 262144K, 100% used [0x00000000eab00000,0x00000000fab00000,0x00000000fab00000)
  from space 43520K, 0% used [0x00000000fd580000,0x00000000fd580000,0x0000000100000000)
  to   space 43520K, 0% used [0x00000000fab00000,0x00000000fab00000,0x00000000fd580000)
 ParOldGen       total 699392K, used 64135K [0x00000000c0000000, 0x00000000eab00000, 0x00000000eab00000)
  object space 699392K, 9% used [0x00000000c0000000,0x00000000c3ea1fb0,0x00000000eab00000)
 Metaspace       used 107962K, capacity 121477K, committed 121600K, reserved 1155072K
  class space    used 14392K, capacity 15065K, committed 15104K, reserved 1048576K
Event: 1105.676 GC heap after
Heap after GC invocations=32 (full 15):
 PSYoungGen      total 305664K, used 14996K [0x00000000eab00000, 0x0000000100000000, 0x0000000100000000)
  eden space 262144K, 0% used [0x00000000eab00000,0x00000000eab00000,0x00000000fab00000)
  from space 43520K, 34% used [0x00000000fab00000,0x00000000fb9a5098,0x00000000fd580000)
  to   space 40960K, 0% used [0x00000000fd800000,0x00000000fd800000,0x0000000100000000)
 ParOldGen       total 699392K, used 64143K [0x00000000c0000000, 0x00000000eab00000, 0x00000000eab00000)
  object space 699392K, 9% used [0x00000000c0000000,0x00000000c3ea3fb0,0x00000000eab00000)
 Metaspace       used 107962K, capacity 121477K, committed 121600K, reserved 1155072K
  class space    used 14392K, capacity 15065K, committed 15104K, reserved 1048576K
}
Event: 1108.075 GC heap before
{Heap before GC invocations=33 (full 15):
 PSYoungGen      total 305664K, used 102626K [0x00000000eab00000, 0x0000000100000000, 0x0000000100000000)
  eden space 262144K, 33% used [0x00000000eab00000,0x00000000f0093a78,0x00000000fab00000)
  from space 43520K, 34% used [0x00000000fab00000,0x00000000fb9a5098,0x00000000fd580000)
  to   space 40960K, 0% used [0x00000000fd800000,0x00000000fd800000,0x0000000100000000)
 ParOldGen       total 699392K, used 64143K [0x00000000c0000000, 0x00000000eab00000, 0x00000000eab00000)
  object space 699392K, 9% used [0x00000000c0000000,0x00000000c3ea3fb0,0x00000000eab00000)
 Metaspace       used 108648K, capacity 122121K, committed 122368K, reserved 1157120K
  class space    used 14392K, capacity 15065K, committed 15104K, reserved 1048576K
Event: 1108.093 GC heap after
Heap after GC invocations=33 (full 15):
 PSYoungGen      total 310784K, used 6439K [0x00000000eab00000, 0x0000000100000000, 0x0000000100000000)
  eden space 269824K, 0% used [0x00000000eab00000,0x00000000eab00000,0x00000000fb280000)
  from space 40960K, 15% used [0x00000000fd800000,0x00000000fde49f90,0x0000000100000000)
  to   space 38400K, 0% used [0x00000000fb280000,0x00000000fb280000,0x00000000fd800000)
 ParOldGen       total 699392K, used 64151K [0x00000000c0000000, 0x00000000eab00000, 0x00000000eab00000)
  object space 699392K, 9% used [0x00000000c0000000,0x00000000c3ea5fb0,0x00000000eab00000)
 Metaspace       used 108648K, capacity 122121K, committed 122368K, reserved 1157120K
  class space    used 14392K, capacity 15065K, committed 15104K, reserved 1048576K
}
Event: 1108.093 GC heap before
{Heap before GC invocations=34 (full 16):
 PSYoungGen      total 310784K, used 6439K [0x00000000eab00000, 0x0000000100000000, 0x0000000100000000)
  eden space 269824K, 0% used [0x00000000eab00000,0x00000000eab00000,0x00000000fb280000)
  from space 40960K, 15% used [0x00000000fd800000,0x00000000fde49f90,0x0000000100000000)
  to   space 38400K, 0% used [0x00000000fb280000,0x00000000fb280000,0x00000000fd800000)
 ParOldGen       total 699392K, used 64151K [0x00000000c0000000, 0x00000000eab00000, 0x00000000eab00000)
  object space 699392K, 9% used [0x00000000c0000000,0x00000000c3ea5fb0,0x00000000eab00000)
 Metaspace       used 108648K, capacity 122121K, committed 122368K, reserved 1157120K
  class space    used 14392K, capacity 15065K, committed 15104K, reserved 1048576K
Event: 1108.790 GC heap after
Heap after GC invocations=34 (full 16):
 PSYoungGen      total 310784K, used 0K [0x00000000eab00000, 0x0000000100000000, 0x0000000100000000)
  eden space 269824K, 0% used [0x00000000eab00000,0x00000000eab00000,0x00000000fb280000)
  from space 40960K, 0% used [0x00000000fd800000,0x00000000fd800000,0x0000000100000000)
  to   space 38400K, 0% used [0x00000000fb280000,0x00000000fb280000,0x00000000fd800000)
 ParOldGen       total 699392K, used 65170K [0x00000000c0000000, 0x00000000eab00000, 0x00000000eab00000)
  object space 699392K, 9% used [0x00000000c0000000,0x00000000c3fa4ad0,0x00000000eab00000)
 Metaspace       used 108648K, capacity 122121K, committed 122368K, reserved 1157120K
  class space    used 14392K, capacity 15065K, committed 15104K, reserved 1048576K
}
Event: 1108.792 GC heap before
{Heap before GC invocations=35 (full 16):
 PSYoungGen      total 310784K, used 4498K [0x00000000eab00000, 0x0000000100000000, 0x0000000100000000)
  eden space 269824K, 1% used [0x00000000eab00000,0x00000000eaf64a98,0x00000000fb280000)
  from space 40960K, 0% used [0x00000000fd800000,0x00000000fd800000,0x0000000100000000)
  to   space 38400K, 0% used [0x00000000fb280000,0x00000000fb280000,0x00000000fd800000)
 ParOldGen       total 699392K, used 65170K [0x00000000c0000000, 0x00000000eab00000, 0x00000000eab00000)
  object space 699392K, 9% used [0x00000000c0000000,0x00000000c3fa4ad0,0x00000000eab00000)
 Metaspace       used 108648K, capacity 122121K, committed 122368K, reserved 1157120K
  class space    used 14392K, capacity 15065K, committed 15104K, reserved 1048576K
Event: 1108.797 GC heap after
Heap after GC invocations=35 (full 16):
 PSYoungGen      total 308224K, used 32K [0x00000000eab00000, 0x0000000100000000, 0x0000000100000000)
  eden space 269824K, 0% used [0x00000000eab00000,0x00000000eab00000,0x00000000fb280000)
  from space 38400K, 0% used [0x00000000fb280000,0x00000000fb288000,0x00000000fd800000)
  to   space 37376K, 0% used [0x00000000fdb80000,0x00000000fdb80000,0x0000000100000000)
 ParOldGen       total 699392K, used 65170K [0x00000000c0000000, 0x00000000eab00000, 0x00000000eab00000)
  object space 699392K, 9% used [0x00000000c0000000,0x00000000c3fa4ad0,0x00000000eab00000)
 Metaspace       used 108648K, capacity 122121K, committed 122368K, reserved 1157120K
  class space    used 14392K, capacity 15065K, committed 15104K, reserved 1048576K
}
Event: 1108.797 GC heap before
{Heap before GC invocations=36 (full 17):
 PSYoungGen      total 308224K, used 32K [0x00000000eab00000, 0x0000000100000000, 0x0000000100000000)
  eden space 269824K, 0% used [0x00000000eab00000,0x00000000eab00000,0x00000000fb280000)
  from space 38400K, 0% used [0x00000000fb280000,0x00000000fb288000,0x00000000fd800000)
  to   space 37376K, 0% used [0x00000000fdb80000,0x00000000fdb80000,0x0000000100000000)
 ParOldGen       total 699392K, used 65170K [0x00000000c0000000, 0x00000000eab00000, 0x00000000eab00000)
  object space 699392K, 9% used [0x00000000c0000000,0x00000000c3fa4ad0,0x00000000eab00000)
 Metaspace       used 108648K, capacity 122121K, committed 122368K, reserved 1157120K
  class space    used 14392K, capacity 15065K, committed 15104K, reserved 1048576K
Event: 1109.226 GC heap after
Heap after GC invocations=36 (full 17):
 PSYoungGen      total 308224K, used 0K [0x00000000eab00000, 0x0000000100000000, 0x0000000100000000)
  eden space 269824K, 0% used [0x00000000eab00000,0x00000000eab00000,0x00000000fb280000)
  from space 38400K, 0% used [0x00000000fb280000,0x00000000fb280000,0x00000000fd800000)
  to   space 37376K, 0% used [0x00000000fdb80000,0x00000000fdb80000,0x0000000100000000)
 ParOldGen       total 699392K, used 62598K [0x00000000c0000000, 0x00000000eab00000, 0x00000000eab00000)
  object space 699392K, 8% used [0x00000000c0000000,0x00000000c3d21b70,0x00000000eab00000)
 Metaspace       used 108648K, capacity 122121K, committed 122368K, reserved 1157120K
  class space    used 14392K, capacity 15065K, committed 15104K, reserved 1048576K
}

