# JRE version: OpenJDK Runtime Environment (8.0_161-b14) (build 1.8.0_161-b14)
# Java VM: OpenJDK 64-Bit Server VM (25.161-b14 mixed mode linux-amd64 compressed oops)
Heap:
 PSYoungGen      total 305152K, used 140283K [0x00000000eab00000, 0x0000000100000000, 0x0000000100000000)
  eden space 260608K, 53% used [0x00000000eab00000,0x00000000f33fec70,0x00000000fa980000)
  from space 44544K, 0% used [0x00000000fd480000,0x00000000fd480000,0x0000000100000000)
  to   space 44032K, 0% used [0x00000000fa980000,0x00000000fa980000,0x00000000fd480000)
 ParOldGen       total 699392K, used 70304K [0x00000000c0000000, 0x00000000eab00000, 0x00000000eab00000)
  object space 699392K, 10% used [0x00000000c0000000,0x00000000c44a8028,0x00000000eab00000)
 Metaspace       used 124895K, capacity 140564K, committed 140800K, reserved 1173504K
  class space    used 16206K, capacity 17084K, committed 17152K, reserved 1048576K
GC Heap History (10 events):
Event: 304.726 GC heap before
{Heap before GC invocations=21 (full 9):
 PSYoungGen      total 299008K, used 250368K [0x00000000eab00000, 0x0000000100000000, 0x0000000100000000)
  eden space 250368K, 100% used [0x00000000eab00000,0x00000000f9f80000,0x00000000f9f80000)
  from space 48640K, 0% used [0x00000000f9f80000,0x00000000f9f80000,0x00000000fcf00000)
  to   space 48640K, 0% used [0x00000000fd080000,0x00000000fd080000,0x0000000100000000)
 ParOldGen       total 699392K, used 70556K [0x00000000c0000000, 0x00000000eab00000, 0x00000000eab00000)
  object space 699392K, 10% used [0x00000000c0000000,0x00000000c44e73c0,0x00000000eab00000)
 Metaspace       used 116642K, capacity 131264K, committed 131456K, reserved 1165312K
  class space    used 15382K, capacity 16183K, committed 16256K, reserved 1048576K
Event: 304.744 GC heap after
Heap after GC invocations=21 (full 9):
 PSYoungGen      total 302592K, used 10326K [0x00000000eab00000, 0x0000000100000000, 0x0000000100000000)
  eden space 253952K, 0% used [0x00000000eab00000,0x00000000eab00000,0x00000000fa300000)
  from space 48640K, 21% used [0x00000000fd080000,0x00000000fda95898,0x0000000100000000)
  to   space 46592K, 0% used [0x00000000fa300000,0x00000000fa300000,0x00000000fd080000)
 ParOldGen       total 699392K, used 70564K [0x00000000c0000000, 0x00000000eab00000, 0x00000000eab00000)
  object space 699392K, 10% used [0x00000000c0000000,0x00000000c44e93c0,0x00000000eab00000)
 Metaspace       used 116642K, capacity 131264K, committed 131456K, reserved 1165312K
  class space    used 15382K, capacity 16183K, committed 16256K, reserved 1048576K
}
Event: 329.308 GC heap before
{Heap before GC invocations=22 (full 9):
 PSYoungGen      total 302592K, used 227363K [0x00000000eab00000, 0x0000000100000000, 0x0000000100000000)
  eden space 253952K, 85% used [0x00000000eab00000,0x00000000f7ef3430,0x00000000fa300000)
  from space 48640K, 21% used [0x00000000fd080000,0x00000000fda95898,0x0000000100000000)
  to   space 46592K, 0% used [0x00000000fa300000,0x00000000fa300000,0x00000000fd080000)
 ParOldGen       total 699392K, used 70564K [0x00000000c0000000, 0x00000000eab00000, 0x00000000eab00000)
  object space 699392K, 10% used [0x00000000c0000000,0x00000000c44e93c0,0x00000000eab00000)
 Metaspace       used 121287K, capacity 136682K, committed 136832K, reserved 1169408K
  class space    used 15889K, capacity 16721K, committed 16768K, reserved 1048576K
Event: 329.327 GC heap after
Heap after GC invocations=22 (full 9):
 PSYoungGen      total 300544K, used 11105K [0x00000000eab00000, 0x0000000100000000, 0x0000000100000000)
  eden space 253952K, 0% used [0x00000000eab00000,0x00000000eab00000,0x00000000fa300000)
  from space 46592K, 23% used [0x00000000fa300000,0x00000000fadd87d8,0x00000000fd080000)
  to   space 44544K, 0% used [0x00000000fd480000,0x00000000fd480000,0x0000000100000000)
 ParOldGen       total 699392K, used 70572K [0x00000000c0000000, 0x00000000eab00000, 0x00000000eab00000)
  object space 699392K, 10% used [0x00000000c0000000,0x00000000c44eb3c0,0x00000000eab00000)
 Metaspace       used 121287K, capacity 136682K, committed 136832K, reserved 1169408K
  class space    used 15889K, capacity 16721K, committed 16768K, reserved 1048576K
}
Event: 329.327 GC heap before
{Heap before GC invocations=23 (full 10):
 PSYoungGen      total 300544K, used 11105K [0x00000000eab00000, 0x0000000100000000, 0x0000000100000000)
  eden space 253952K, 0% used [0x00000000eab00000,0x00000000eab00000,0x00000000fa300000)
  from space 46592K, 23% used [0x00000000fa300000,0x00000000fadd87d8,0x00000000fd080000)
  to   space 44544K, 0% used [0x00000000fd480000,0x00000000fd480000,0x0000000100000000)
 ParOldGen       total 699392K, used 70572K [0x00000000c0000000, 0x00000000eab00000, 0x00000000eab00000)
  object space 699392K, 10% used [0x00000000c0000000,0x00000000c44eb3c0,0x00000000eab00000)
 Metaspace       used 121287K, capacity 136682K, committed 136832K, reserved 1169408K
  class space    used 15889K, capacity 16721K, committed 16768K, reserved 1048576K
Event: 330.137 GC heap after
Heap after GC invocations=23 (full 10):
 PSYoungGen      total 300544K, used 0K [0x00000000eab00000, 0x0000000100000000, 0x0000000100000000)
  eden space 253952K, 0% used [0x00000000eab00000,0x00000000eab00000,0x00000000fa300000)
  from space 46592K, 0% used [0x00000000fa300000,0x00000000fa300000,0x00000000fd080000)
  to   space 44544K, 0% used [0x00000000fd480000,0x00000000fd480000,0x0000000100000000)
 ParOldGen       total 699392K, used 76724K [0x00000000c0000000, 0x00000000eab00000, 0x00000000eab00000)
  object space 699392K, 10% used [0x00000000c0000000,0x00000000c4aed130,0x00000000eab00000)
 Metaspace       used 120859K, capacity 135814K, committed 136832K, reserved 1169408K
  class space    used 15745K, capacity 16548K, committed 16768K, reserved 1048576K
}
Event: 330.143 GC heap before
{Heap before GC invocations=24 (full 10):
 PSYoungGen      total 300544K, used 4047K [0x00000000eab00000, 0x0000000100000000, 0x0000000100000000)
  eden space 253952K, 1% used [0x00000000eab00000,0x00000000eaef3ef8,0x00000000fa300000)
  from space 46592K, 0% used [0x00000000fa300000,0x00000000fa300000,0x00000000fd080000)
  to   space 44544K, 0% used [0x00000000fd480000,0x00000000fd480000,0x0000000100000000)
 ParOldGen       total 699392K, used 76724K [0x00000000c0000000, 0x00000000eab00000, 0x00000000eab00000)
  object space 699392K, 10% used [0x00000000c0000000,0x00000000c4aed130,0x00000000eab00000)
 Metaspace       used 120860K, capacity 135846K, committed 136832K, reserved 1169408K
  class space    used 15746K, capacity 16580K, committed 16768K, reserved 1048576K
Event: 330.149 GC heap after
Heap after GC invocations=24 (full 10):
 PSYoungGen      total 305152K, used 128K [0x00000000eab00000, 0x0000000100000000, 0x0000000100000000)
  eden space 260608K, 0% used [0x00000000eab00000,0x00000000eab00000,0x00000000fa980000)
  from space 44544K, 0% used [0x00000000fd480000,0x00000000fd4a0000,0x0000000100000000)
  to   space 44032K, 0% used [0x00000000fa980000,0x00000000fa980000,0x00000000fd480000)
 ParOldGen       total 699392K, used 76724K [0x00000000c0000000, 0x00000000eab00000, 0x00000000eab00000)
  object space 699392K, 10% used [0x00000000c0000000,0x00000000c4aed130,0x00000000eab00000)
 Metaspace       used 120860K, capacity 135846K, committed 136832K, reserved 1169408K
  class space    used 15746K, capacity 16580K, committed 16768K, reserved 1048576K
}
Event: 330.149 GC heap before
{Heap before GC invocations=25 (full 11):
 PSYoungGen      total 305152K, used 128K [0x00000000eab00000, 0x0000000100000000, 0x0000000100000000)
  eden space 260608K, 0% used [0x00000000eab00000,0x00000000eab00000,0x00000000fa980000)
  from space 44544K, 0% used [0x00000000fd480000,0x00000000fd4a0000,0x0000000100000000)
  to   space 44032K, 0% used [0x00000000fa980000,0x00000000fa980000,0x00000000fd480000)
 ParOldGen       total 699392K, used 76724K [0x00000000c0000000, 0x00000000eab00000, 0x00000000eab00000)
  object space 699392K, 10% used [0x00000000c0000000,0x00000000c4aed130,0x00000000eab00000)
 Metaspace       used 120860K, capacity 135846K, committed 136832K, reserved 1169408K
  class space    used 15746K, capacity 16580K, committed 16768K, reserved 1048576K
Event: 330.501 GC heap after
Heap after GC invocations=25 (full 11):
 PSYoungGen      total 305152K, used 0K [0x00000000eab00000, 0x0000000100000000, 0x0000000100000000)
  eden space 260608K, 0% used [0x00000000eab00000,0x00000000eab00000,0x00000000fa980000)
  from space 44544K, 0% used [0x00000000fd480000,0x00000000fd480000,0x0000000100000000)
  to   space 44032K, 0% used [0x00000000fa980000,0x00000000fa980000,0x00000000fd480000)
 ParOldGen       total 699392K, used 70304K [0x00000000c0000000, 0x00000000eab00000, 0x00000000eab00000)
  object space 699392K, 10% used [0x00000000c0000000,0x00000000c44a8028,0x00000000eab00000)
 Metaspace       used 120860K, capacity 135846K, committed 136832K, reserved 1169408K
  class space    used 15746K, capacity 16580K, committed 16768K, reserved 1048576K
}

