# JRE version: OpenJDK Runtime Environment (8.0_161-b14) (build 1.8.0_161-b14)
# Java VM: OpenJDK 64-Bit Server VM (25.161-b14 mixed mode linux-amd64 compressed oops)
Heap:
 PSYoungGen      total 305664K, used 142571K [0x00000000eab00000, 0x0000000100000000, 0x0000000100000000)
  eden space 262144K, 41% used [0x00000000eab00000,0x00000000f1442bf8,0x00000000fab00000)
  from space 43520K, 79% used [0x00000000fab00000,0x00000000fccf8200,0x00000000fd580000)
  to   space 43520K, 0% used [0x00000000fd580000,0x00000000fd580000,0x0000000100000000)
 ParOldGen       total 699392K, used 19008K [0x00000000c0000000, 0x00000000eab00000, 0x00000000eab00000)
  object space 699392K, 2% used [0x00000000c0000000,0x00000000c1290040,0x00000000eab00000)
 Metaspace       used 78725K, capacity 88410K, committed 88576K, reserved 1126400K
  class space    used 10872K, capacity 11448K, committed 11520K, reserved 1048576K
GC Heap History (10 events):
Event: 17.965 GC heap before
{Heap before GC invocations=5 (full 2):
 PSYoungGen      total 305664K, used 243999K [0x00000000eab00000, 0x0000000100000000, 0x0000000100000000)
  eden space 262144K, 93% used [0x00000000eab00000,0x00000000f9947cc0,0x00000000fab00000)
  from space 43520K, 0% used [0x00000000fd580000,0x00000000fd580000,0x0000000100000000)
  to   space 43520K, 0% used [0x00000000fab00000,0x00000000fab00000,0x00000000fd580000)
 ParOldGen       total 699392K, used 18238K [0x00000000c0000000, 0x00000000eab00000, 0x00000000eab00000)
  object space 699392K, 2% used [0x00000000c0000000,0x00000000c11cf960,0x00000000eab00000)
 Metaspace       used 52034K, capacity 58728K, committed 58880K, reserved 1099776K
  class space    used 7523K, capacity 7915K, committed 7936K, reserved 1048576K
Event: 18.005 GC heap after
Heap after GC invocations=5 (full 2):
 PSYoungGen      total 305664K, used 17863K [0x00000000eab00000, 0x0000000100000000, 0x0000000100000000)
  eden space 262144K, 0% used [0x00000000eab00000,0x00000000eab00000,0x00000000fab00000)
  from space 43520K, 41% used [0x00000000fab00000,0x00000000fbc71f90,0x00000000fd580000)
  to   space 43520K, 0% used [0x00000000fd580000,0x00000000fd580000,0x0000000100000000)
 ParOldGen       total 699392K, used 18254K [0x00000000c0000000, 0x00000000eab00000, 0x00000000eab00000)
  object space 699392K, 2% used [0x00000000c0000000,0x00000000c11d3960,0x00000000eab00000)
 Metaspace       used 52034K, capacity 58728K, committed 58880K, reserved 1099776K
  class space    used 7523K, capacity 7915K, committed 7936K, reserved 1048576K
}
Event: 18.005 GC heap before
{Heap before GC invocations=6 (full 3):
 PSYoungGen      total 305664K, used 17863K [0x00000000eab00000, 0x0000000100000000, 0x0000000100000000)
  eden space 262144K, 0% used [0x00000000eab00000,0x00000000eab00000,0x00000000fab00000)
  from space 43520K, 41% used [0x00000000fab00000,0x00000000fbc71f90,0x00000000fd580000)
  to   space 43520K, 0% used [0x00000000fd580000,0x00000000fd580000,0x0000000100000000)
 ParOldGen       total 699392K, used 18254K [0x00000000c0000000, 0x00000000eab00000, 0x00000000eab00000)
  object space 699392K, 2% used [0x00000000c0000000,0x00000000c11d3960,0x00000000eab00000)
 Metaspace       used 52034K, capacity 58728K, committed 58880K, reserved 1099776K
  class space    used 7523K, capacity 7915K, committed 7936K, reserved 1048576K
Event: 18.330 GC heap after
Heap after GC invocations=6 (full 3):
 PSYoungGen      total 305664K, used 0K [0x00000000eab00000, 0x0000000100000000, 0x0000000100000000)
  eden space 262144K, 0% used [0x00000000eab00000,0x00000000eab00000,0x00000000fab00000)
  from space 43520K, 0% used [0x00000000fab00000,0x00000000fab00000,0x00000000fd580000)
  to   space 43520K, 0% used [0x00000000fd580000,0x00000000fd580000,0x0000000100000000)
 ParOldGen       total 699392K, used 27318K [0x00000000c0000000, 0x00000000eab00000, 0x00000000eab00000)
  object space 699392K, 3% used [0x00000000c0000000,0x00000000c1aada90,0x00000000eab00000)
 Metaspace       used 51868K, capacity 58396K, committed 58880K, reserved 1099776K
  class space    used 7466K, capacity 7848K, committed 7936K, reserved 1048576K
}
Event: 18.342 GC heap before
{Heap before GC invocations=7 (full 3):
 PSYoungGen      total 305664K, used 8234K [0x00000000eab00000, 0x0000000100000000, 0x0000000100000000)
  eden space 262144K, 3% used [0x00000000eab00000,0x00000000eb30ab88,0x00000000fab00000)
  from space 43520K, 0% used [0x00000000fab00000,0x00000000fab00000,0x00000000fd580000)
  to   space 43520K, 0% used [0x00000000fd580000,0x00000000fd580000,0x0000000100000000)
 ParOldGen       total 699392K, used 27318K [0x00000000c0000000, 0x00000000eab00000, 0x00000000eab00000)
  object space 699392K, 3% used [0x00000000c0000000,0x00000000c1aada90,0x00000000eab00000)
 Metaspace       used 51872K, capacity 58402K, committed 58880K, reserved 1099776K
  class space    used 7467K, capacity 7849K, committed 7936K, reserved 1048576K
Event: 18.346 GC heap after
Heap after GC invocations=7 (full 3):
 PSYoungGen      total 305664K, used 64K [0x00000000eab00000, 0x0000000100000000, 0x0000000100000000)
  eden space 262144K, 0% used [0x00000000eab00000,0x00000000eab00000,0x00000000fab00000)
  from space 43520K, 0% used [0x00000000fd580000,0x00000000fd590000,0x0000000100000000)
  to   space 43520K, 0% used [0x00000000fab00000,0x00000000fab00000,0x00000000fd580000)
 ParOldGen       total 699392K, used 27318K [0x00000000c0000000, 0x00000000eab00000, 0x00000000eab00000)
  object space 699392K, 3% used [0x00000000c0000000,0x00000000c1aada90,0x00000000eab00000)
 Metaspace       used 51872K, capacity 58402K, committed 58880K, reserved 1099776K
  class space    used 7467K, capacity 7849K, committed 7936K, reserved 1048576K
}
Event: 18.346 GC heap before
{Heap before GC invocations=8 (full 4):
 PSYoungGen      total 305664K, used 64K [0x00000000eab00000, 0x0000000100000000, 0x0000000100000000)
  eden space 262144K, 0% used [0x00000000eab00000,0x00000000eab00000,0x00000000fab00000)
  from space 43520K, 0% used [0x00000000fd580000,0x00000000fd590000,0x0000000100000000)
  to   space 43520K, 0% used [0x00000000fab00000,0x00000000fab00000,0x00000000fd580000)
 ParOldGen       total 699392K, used 27318K [0x00000000c0000000, 0x00000000eab00000, 0x00000000eab00000)
  object space 699392K, 3% used [0x00000000c0000000,0x00000000c1aada90,0x00000000eab00000)
 Metaspace       used 51872K, capacity 58402K, committed 58880K, reserved 1099776K
  class space    used 7467K, capacity 7849K, committed 7936K, reserved 1048576K
Event: 18.585 GC heap after
Heap after GC invocations=8 (full 4):
 PSYoungGen      total 305664K, used 0K [0x00000000eab00000, 0x0000000100000000, 0x0000000100000000)
  eden space 262144K, 0% used [0x00000000eab00000,0x00000000eab00000,0x00000000fab00000)
  from space 43520K, 0% used [0x00000000fd580000,0x00000000fd580000,0x0000000100000000)
  to   space 43520K, 0% used [0x00000000fab00000,0x00000000fab00000,0x00000000fd580000)
 ParOldGen       total 699392K, used 19000K [0x00000000c0000000, 0x00000000eab00000, 0x00000000eab00000)
  object space 699392K, 2% used [0x00000000c0000000,0x00000000c128e040,0x00000000eab00000)
 Metaspace       used 51872K, capacity 58402K, committed 58880K, reserved 1099776K
  class space    used 7467K, capacity 7849K, committed 7936K, reserved 1048576K
}
Event: 52.417 GC heap before
{Heap before GC invocations=9 (full 4):
 PSYoungGen      total 305664K, used 262144K [0x00000000eab00000, 0x0000000100000000, 0x0000000100000000)
  eden space 262144K, 100% used [0x00000000eab00000,0x00000000fab00000,0x00000000fab00000)
  from space 43520K, 0% used [0x00000000fd580000,0x00000000fd580000,0x0000000100000000)
  to   space 43520K, 0% used [0x00000000fab00000,0x00000000fab00000,0x00000000fd580000)
 ParOldGen       total 699392K, used 19000K [0x00000000c0000000, 0x00000000eab00000, 0x00000000eab00000)
  object space 699392K, 2% used [0x00000000c0000000,0x00000000c128e040,0x00000000eab00000)
 Metaspace       used 67597K, capacity 75784K, committed 75904K, reserved 1116160K
  class space    used 9042K, capacity 9492K, committed 9600K, reserved 1048576K
Event: 52.511 GC heap after
Heap after GC invocations=9 (full 4):
 PSYoungGen      total 305664K, used 34784K [0x00000000eab00000, 0x0000000100000000, 0x0000000100000000)
  eden space 262144K, 0% used [0x00000000eab00000,0x00000000eab00000,0x00000000fab00000)
  from space 43520K, 79% used [0x00000000fab00000,0x00000000fccf8200,0x00000000fd580000)
  to   space 43520K, 0% used [0x00000000fd580000,0x00000000fd580000,0x0000000100000000)
 ParOldGen       total 699392K, used 19008K [0x00000000c0000000, 0x00000000eab00000, 0x00000000eab00000)
  object space 699392K, 2% used [0x00000000c0000000,0x00000000c1290040,0x00000000eab00000)
 Metaspace       used 67597K, capacity 75784K, committed 75904K, reserved 1116160K
  class space    used 9042K, capacity 9492K, committed 9600K, reserved 1048576K
}

