<?xml version='1.0' encoding='UTF-8'?>
<testsuite hostname="localhost.localdomain" name="DBConnectionTest" tests="2" errors="0" failures="0" skipped="0" time="0.297">
                     <properties>
[...]
</properties>
                     <testcase classname="DBConnectionTest" name="test open()" time="0.295">
                                                 
                                               </testcase><testcase classname="DBConnectionTest" name="test close()" time="0.002">
                                                 
                                               </testcase>
                     <system-out><![CDATA[]]></system-out>
                     <system-err><![CDATA[]]></system-err>
                   </testsuite>